# JRE version: OpenJDK Runtime Environment Temurin-21.0.10+7 (21.0.10+7) (build 21.0.10+7-LTS)
# Java VM: OpenJDK 64-Bit Server VM Temurin-21.0.10+7 (21.0.10+7-LTS, mixed mode, sharing, tiered, compressed oops, compressed class ptrs, parallel gc, windows-amd64)
GC Precious Log:
 CardTable entry size: 512
 CPUs: 12 total, 12 available
 Memory: 15997M
 Large Page Support: Disabled
 NUMA Support: Disabled
 Compressed Oops: Enabled (32-bit)
 Alignments: Space 512K, Generation 512K, Heap 2M
 Heap Min Capacity: 100M
 Heap Initial Capacity: 100M
 Heap Max Capacity: 2G
 Pre-touch: Disabled
 Parallel Workers: 10
Heap:
 PSYoungGen      total 3072K, used 1382K [0x00000000d5580000, 0x00000000d5a00000, 0x0000000100000000)
  eden space 2560K, 43% used [0x00000000d5580000,0x00000000d5699960,0x00000000d5800000)
  from space 512K, 50% used [0x00000000d5980000,0x00000000d59c0000,0x00000000d5a00000)
  to   space 1024K, 0% used [0x00000000d5800000,0x00000000d5800000,0x00000000d5900000)
 ParOldGen       total 622592K, used 111631K [0x0000000080000000, 0x00000000a6000000, 0x00000000d5580000)
  object space 622592K, 17% used [0x0000000080000000,0x0000000086d03e60,0x00000000a6000000)
 Metaspace       used 76618K, committed 78464K, reserved 1179648K
  class space    used 7801K, committed 8576K, reserved 1048576K
GC Heap History (20 events):
Event: 1555.725 GC heap before
{Heap before GC invocations=561 (full 4):
 PSYoungGen      total 5120K, used 480K [0x00000000d5580000, 0x00000000d5b80000, 0x0000000100000000)
  eden space 4096K, 0% used [0x00000000d5580000,0x00000000d5580000,0x00000000d5980000)
  from space 1024K, 46% used [0x00000000d5980000,0x00000000d59f8000,0x00000000d5a80000)
  to   space 1024K, 0% used [0x00000000d5a80000,0x00000000d5a80000,0x00000000d5b80000)
 ParOldGen       total 622592K, used 622074K [0x0000000080000000, 0x00000000a6000000, 0x00000000d5580000)
  object space 622592K, 99% used [0x0000000080000000,0x00000000a5f7ebf8,0x00000000a6000000)
 Metaspace       used 76832K, committed 78528K, reserved 1179648K
  class space    used 7834K, committed 8576K, reserved 1048576K
}
Event: 1556.677 GC heap after
{Heap after GC invocations=561 (full 4):
 PSYoungGen      total 5120K, used 0K [0x00000000d5580000, 0x00000000d5b80000, 0x0000000100000000)
  eden space 4096K, 0% used [0x00000000d5580000,0x00000000d5580000,0x00000000d5980000)
  from space 1024K, 0% used [0x00000000d5980000,0x00000000d5980000,0x00000000d5a80000)
  to   space 1024K, 0% used [0x00000000d5a80000,0x00000000d5a80000,0x00000000d5b80000)
 ParOldGen       total 622592K, used 100591K [0x0000000080000000, 0x00000000a6000000, 0x00000000d5580000)
  object space 622592K, 16% used [0x0000000080000000,0x000000008623bdf0,0x00000000a6000000)
 Metaspace       used 76490K, committed 78464K, reserved 1179648K
  class space    used 7801K, committed 8576K, reserved 1048576K
}
Event: 1556.758 GC heap before
{Heap before GC invocations=562 (full 4):
 PSYoungGen      total 5120K, used 4096K [0x00000000d5580000, 0x00000000d5b80000, 0x0000000100000000)
  eden space 4096K, 100% used [0x00000000d5580000,0x00000000d5980000,0x00000000d5980000)
  from space 1024K, 0% used [0x00000000d5980000,0x00000000d5980000,0x00000000d5a80000)
  to   space 1024K, 0% used [0x00000000d5a80000,0x00000000d5a80000,0x00000000d5b80000)
 ParOldGen       total 622592K, used 100591K [0x0000000080000000, 0x00000000a6000000, 0x00000000d5580000)
  object space 622592K, 16% used [0x0000000080000000,0x000000008623bdf0,0x00000000a6000000)
 Metaspace       used 76492K, committed 78464K, reserved 1179648K
  class space    used 7801K, committed 8576K, reserved 1048576K
}
Event: 1556.763 GC heap after
{Heap after GC invocations=562 (full 4):
 PSYoungGen      total 1536K, used 1005K [0x00000000d5580000, 0x00000000d6280000, 0x0000000100000000)
  eden space 512K, 0% used [0x00000000d5580000,0x00000000d5580000,0x00000000d5600000)
  from space 1024K, 98% used [0x00000000d5a80000,0x00000000d5b7b5b0,0x00000000d5b80000)
  to   space 4608K, 0% used [0x00000000d5600000,0x00000000d5600000,0x00000000d5a80000)
 ParOldGen       total 622592K, used 103479K [0x0000000080000000, 0x00000000a6000000, 0x00000000d5580000)
  object space 622592K, 16% used [0x0000000080000000,0x000000008650ddf0,0x00000000a6000000)
 Metaspace       used 76492K, committed 78464K, reserved 1179648K
  class space    used 7801K, committed 8576K, reserved 1048576K
}
Event: 1556.765 GC heap before
{Heap before GC invocations=563 (full 4):
 PSYoungGen      total 1536K, used 1517K [0x00000000d5580000, 0x00000000d6280000, 0x0000000100000000)
  eden space 512K, 100% used [0x00000000d5580000,0x00000000d5600000,0x00000000d5600000)
  from space 1024K, 98% used [0x00000000d5a80000,0x00000000d5b7b5b0,0x00000000d5b80000)
  to   space 4608K, 0% used [0x00000000d5600000,0x00000000d5600000,0x00000000d5a80000)
 ParOldGen       total 622592K, used 103479K [0x0000000080000000, 0x00000000a6000000, 0x00000000d5580000)
  object space 622592K, 16% used [0x0000000080000000,0x000000008650ddf0,0x00000000a6000000)
 Metaspace       used 76492K, committed 78464K, reserved 1179648K
  class space    used 7801K, committed 8576K, reserved 1048576K
}
Event: 1556.768 GC heap after
{Heap after GC invocations=563 (full 4):
 PSYoungGen      total 1536K, used 544K [0x00000000d5580000, 0x00000000d5b00000, 0x0000000100000000)
  eden space 512K, 0% used [0x00000000d5580000,0x00000000d5580000,0x00000000d5600000)
  from space 1024K, 53% used [0x00000000d5600000,0x00000000d5688000,0x00000000d5700000)
  to   space 2048K, 0% used [0x00000000d5900000,0x00000000d5900000,0x00000000d5b00000)
 ParOldGen       total 622592K, used 104500K [0x0000000080000000, 0x00000000a6000000, 0x00000000d5580000)
  object space 622592K, 16% used [0x0000000080000000,0x000000008660d3a0,0x00000000a6000000)
 Metaspace       used 76492K, committed 78464K, reserved 1179648K
  class space    used 7801K, committed 8576K, reserved 1048576K
}
Event: 1556.770 GC heap before
{Heap before GC invocations=564 (full 4):
 PSYoungGen      total 1536K, used 1055K [0x00000000d5580000, 0x00000000d5b00000, 0x0000000100000000)
  eden space 512K, 99% used [0x00000000d5580000,0x00000000d55fffb0,0x00000000d5600000)
  from space 1024K, 53% used [0x00000000d5600000,0x00000000d5688000,0x00000000d5700000)
  to   space 2048K, 0% used [0x00000000d5900000,0x00000000d5900000,0x00000000d5b00000)
 ParOldGen       total 622592K, used 104500K [0x0000000080000000, 0x00000000a6000000, 0x00000000d5580000)
  object space 622592K, 16% used [0x0000000080000000,0x000000008660d3a0,0x00000000a6000000)
 Metaspace       used 76492K, committed 78464K, reserved 1179648K
  class space    used 7801K, committed 8576K, reserved 1048576K
}
Event: 1556.774 GC heap after
{Heap after GC invocations=564 (full 4):
 PSYoungGen      total 2048K, used 672K [0x00000000d5580000, 0x00000000d5a00000, 0x0000000100000000)
  eden space 1024K, 0% used [0x00000000d5580000,0x00000000d5580000,0x00000000d5680000)
  from space 1024K, 65% used [0x00000000d5900000,0x00000000d59a8000,0x00000000d5a00000)
  to   space 1024K, 0% used [0x00000000d5800000,0x00000000d5800000,0x00000000d5900000)
 ParOldGen       total 622592K, used 104988K [0x0000000080000000, 0x00000000a6000000, 0x00000000d5580000)
  object space 622592K, 16% used [0x0000000080000000,0x00000000866873a0,0x00000000a6000000)
 Metaspace       used 76492K, committed 78464K, reserved 1179648K
  class space    used 7801K, committed 8576K, reserved 1048576K
}
Event: 1556.778 GC heap before
{Heap before GC invocations=565 (full 4):
 PSYoungGen      total 2048K, used 1696K [0x00000000d5580000, 0x00000000d5a00000, 0x0000000100000000)
  eden space 1024K, 100% used [0x00000000d5580000,0x00000000d5680000,0x00000000d5680000)
  from space 1024K, 65% used [0x00000000d5900000,0x00000000d59a8000,0x00000000d5a00000)
  to   space 1024K, 0% used [0x00000000d5800000,0x00000000d5800000,0x00000000d5900000)
 ParOldGen       total 622592K, used 104988K [0x0000000080000000, 0x00000000a6000000, 0x00000000d5580000)
  object space 622592K, 16% used [0x0000000080000000,0x00000000866873a0,0x00000000a6000000)
 Metaspace       used 76492K, committed 78464K, reserved 1179648K
  class space    used 7801K, committed 8576K, reserved 1048576K
}
Event: 1556.781 GC heap after
{Heap after GC invocations=565 (full 4):
 PSYoungGen      total 2560K, used 1024K [0x00000000d5580000, 0x00000000d5b00000, 0x0000000100000000)
  eden space 1536K, 0% used [0x00000000d5580000,0x00000000d5580000,0x00000000d5700000)
  from space 1024K, 100% used [0x00000000d5800000,0x00000000d5900000,0x00000000d5900000)
  to   space 2048K, 0% used [0x00000000d5900000,0x00000000d5900000,0x00000000d5b00000)
 ParOldGen       total 622592K, used 105500K [0x0000000080000000, 0x00000000a6000000, 0x00000000d5580000)
  object space 622592K, 16% used [0x0000000080000000,0x00000000867073a0,0x00000000a6000000)
 Metaspace       used 76492K, committed 78464K, reserved 1179648K
  class space    used 7801K, committed 8576K, reserved 1048576K
}
Event: 1556.789 GC heap before
{Heap before GC invocations=566 (full 4):
 PSYoungGen      total 2560K, used 2560K [0x00000000d5580000, 0x00000000d5b00000, 0x0000000100000000)
  eden space 1536K, 100% used [0x00000000d5580000,0x00000000d5700000,0x00000000d5700000)
  from space 1024K, 100% used [0x00000000d5800000,0x00000000d5900000,0x00000000d5900000)
  to   space 2048K, 0% used [0x00000000d5900000,0x00000000d5900000,0x00000000d5b00000)
 ParOldGen       total 622592K, used 105500K [0x0000000080000000, 0x00000000a6000000, 0x00000000d5580000)
  object space 622592K, 16% used [0x0000000080000000,0x00000000867073a0,0x00000000a6000000)
 Metaspace       used 76492K, committed 78464K, reserved 1179648K
  class space    used 7801K, committed 8576K, reserved 1048576K
}
Event: 1556.794 GC heap after
{Heap after GC invocations=566 (full 4):
 PSYoungGen      total 3584K, used 1664K [0x00000000d5580000, 0x00000000d5b80000, 0x0000000100000000)
  eden space 1536K, 0% used [0x00000000d5580000,0x00000000d5580000,0x00000000d5700000)
  from space 2048K, 81% used [0x00000000d5900000,0x00000000d5aa0000,0x00000000d5b00000)
  to   space 2048K, 0% used [0x00000000d5700000,0x00000000d5700000,0x00000000d5900000)
 ParOldGen       total 622592K, used 106516K [0x0000000080000000, 0x00000000a6000000, 0x00000000d5580000)
  object space 622592K, 17% used [0x0000000080000000,0x00000000868053a0,0x00000000a6000000)
 Metaspace       used 76492K, committed 78464K, reserved 1179648K
  class space    used 7801K, committed 8576K, reserved 1048576K
}
Event: 1556.808 GC heap before
{Heap before GC invocations=567 (full 4):
 PSYoungGen      total 3584K, used 3183K [0x00000000d5580000, 0x00000000d5b80000, 0x0000000100000000)
  eden space 1536K, 98% used [0x00000000d5580000,0x00000000d56fbc48,0x00000000d5700000)
  from space 2048K, 81% used [0x00000000d5900000,0x00000000d5aa0000,0x00000000d5b00000)
  to   space 2048K, 0% used [0x00000000d5700000,0x00000000d5700000,0x00000000d5900000)
 ParOldGen       total 622592K, used 106516K [0x0000000080000000, 0x00000000a6000000, 0x00000000d5580000)
  object space 622592K, 17% used [0x0000000080000000,0x00000000868053a0,0x00000000a6000000)
 Metaspace       used 76492K, committed 78464K, reserved 1179648K
  class space    used 7801K, committed 8576K, reserved 1048576K
}
Event: 1556.812 GC heap after
{Heap after GC invocations=567 (full 4):
 PSYoungGen      total 3584K, used 1480K [0x00000000d5580000, 0x00000000d5b80000, 0x0000000100000000)
  eden space 1536K, 0% used [0x00000000d5580000,0x00000000d5580000,0x00000000d5700000)
  from space 2048K, 72% used [0x00000000d5700000,0x00000000d5872000,0x00000000d5900000)
  to   space 2048K, 0% used [0x00000000d5980000,0x00000000d5980000,0x00000000d5b80000)
 ParOldGen       total 622592K, used 108076K [0x0000000080000000, 0x00000000a6000000, 0x00000000d5580000)
  object space 622592K, 17% used [0x0000000080000000,0x000000008698b3a0,0x00000000a6000000)
 Metaspace       used 76492K, committed 78464K, reserved 1179648K
  class space    used 7801K, committed 8576K, reserved 1048576K
}
Event: 1556.838 GC heap before
{Heap before GC invocations=568 (full 4):
 PSYoungGen      total 3584K, used 3015K [0x00000000d5580000, 0x00000000d5b80000, 0x0000000100000000)
  eden space 1536K, 99% used [0x00000000d5580000,0x00000000d56ffff8,0x00000000d5700000)
  from space 2048K, 72% used [0x00000000d5700000,0x00000000d5872000,0x00000000d5900000)
  to   space 2048K, 0% used [0x00000000d5980000,0x00000000d5980000,0x00000000d5b80000)
 ParOldGen       total 622592K, used 108076K [0x0000000080000000, 0x00000000a6000000, 0x00000000d5580000)
  object space 622592K, 17% used [0x0000000080000000,0x000000008698b3a0,0x00000000a6000000)
 Metaspace       used 76492K, committed 78464K, reserved 1179648K
  class space    used 7801K, committed 8576K, reserved 1048576K
}
Event: 1556.842 GC heap after
{Heap after GC invocations=568 (full 4):
 PSYoungGen      total 3584K, used 1376K [0x00000000d5580000, 0x00000000d5b00000, 0x0000000100000000)
  eden space 2048K, 0% used [0x00000000d5580000,0x00000000d5580000,0x00000000d5780000)
  from space 1536K, 89% used [0x00000000d5980000,0x00000000d5ad8000,0x00000000d5b00000)
  to   space 1536K, 0% used [0x00000000d5800000,0x00000000d5800000,0x00000000d5980000)
 ParOldGen       total 622592K, used 109252K [0x0000000080000000, 0x00000000a6000000, 0x00000000d5580000)
  object space 622592K, 17% used [0x0000000080000000,0x0000000086ab13a0,0x00000000a6000000)
 Metaspace       used 76492K, committed 78464K, reserved 1179648K
  class space    used 7801K, committed 8576K, reserved 1048576K
}
Event: 1853.220 GC heap before
{Heap before GC invocations=569 (full 4):
 PSYoungGen      total 3584K, used 3424K [0x00000000d5580000, 0x00000000d5b00000, 0x0000000100000000)
  eden space 2048K, 100% used [0x00000000d5580000,0x00000000d5780000,0x00000000d5780000)
  from space 1536K, 89% used [0x00000000d5980000,0x00000000d5ad8000,0x00000000d5b00000)
  to   space 1536K, 0% used [0x00000000d5800000,0x00000000d5800000,0x00000000d5980000)
 ParOldGen       total 622592K, used 109252K [0x0000000080000000, 0x00000000a6000000, 0x00000000d5580000)
  object space 622592K, 17% used [0x0000000080000000,0x0000000086ab13a0,0x00000000a6000000)
 Metaspace       used 76497K, committed 78464K, reserved 1179648K
  class space    used 7801K, committed 8576K, reserved 1048576K
}
Event: 1853.227 GC heap after
{Heap after GC invocations=569 (full 4):
 PSYoungGen      total 4096K, used 1280K [0x00000000d5580000, 0x00000000d5b00000, 0x0000000100000000)
  eden space 2560K, 0% used [0x00000000d5580000,0x00000000d5580000,0x00000000d5800000)
  from space 1536K, 83% used [0x00000000d5800000,0x00000000d5940000,0x00000000d5980000)
  to   space 1536K, 0% used [0x00000000d5980000,0x00000000d5980000,0x00000000d5b00000)
 ParOldGen       total 622592K, used 110476K [0x0000000080000000, 0x00000000a6000000, 0x00000000d5580000)
  object space 622592K, 17% used [0x0000000080000000,0x0000000086be33a0,0x00000000a6000000)
 Metaspace       used 76497K, committed 78464K, reserved 1179648K
  class space    used 7801K, committed 8576K, reserved 1048576K
}
Event: 152664.127 GC heap before
{Heap before GC invocations=570 (full 4):
 PSYoungGen      total 4096K, used 3840K [0x00000000d5580000, 0x00000000d5b00000, 0x0000000100000000)
  eden space 2560K, 100% used [0x00000000d5580000,0x00000000d5800000,0x00000000d5800000)
  from space 1536K, 83% used [0x00000000d5800000,0x00000000d5940000,0x00000000d5980000)
  to   space 1536K, 0% used [0x00000000d5980000,0x00000000d5980000,0x00000000d5b00000)
 ParOldGen       total 622592K, used 110476K [0x0000000080000000, 0x00000000a6000000, 0x00000000d5580000)
  object space 622592K, 17% used [0x0000000080000000,0x0000000086be33a0,0x00000000a6000000)
 Metaspace       used 76592K, committed 78464K, reserved 1179648K
  class space    used 7801K, committed 8576K, reserved 1048576K
}
Event: 152664.225 GC heap after
{Heap after GC invocations=570 (full 4):
 PSYoungGen      total 3072K, used 256K [0x00000000d5580000, 0x00000000d5a00000, 0x0000000100000000)
  eden space 2560K, 0% used [0x00000000d5580000,0x00000000d5580000,0x00000000d5800000)
  from space 512K, 50% used [0x00000000d5980000,0x00000000d59c0000,0x00000000d5a00000)
  to   space 1024K, 0% used [0x00000000d5800000,0x00000000d5800000,0x00000000d5900000)
 ParOldGen       total 622592K, used 111631K [0x0000000080000000, 0x00000000a6000000, 0x00000000d5580000)
  object space 622592K, 17% used [0x0000000080000000,0x0000000086d03e60,0x00000000a6000000)
 Metaspace       used 76592K, committed 78464K, reserved 1179648K
  class space    used 7801K, committed 8576K, reserved 1048576K
}

