# JRE version: OpenJDK Runtime Environment Temurin-21.0.10+7 (21.0.10+7) (build 21.0.10+7-LTS)
# Java VM: OpenJDK 64-Bit Server VM Temurin-21.0.10+7 (21.0.10+7-LTS, mixed mode, sharing, tiered, compressed oops, compressed class ptrs, parallel gc, windows-amd64)
GC Precious Log:
 CardTable entry size: 512
 CPUs: 12 total, 12 available
 Memory: 15997M
 Large Page Support: Disabled
 NUMA Support: Disabled
 Compressed Oops: Enabled (32-bit)
 Alignments: Space 512K, Generation 512K, Heap 2M
 Heap Min Capacity: 100M
 Heap Initial Capacity: 100M
 Heap Max Capacity: 2G
 Pre-touch: Disabled
 Parallel Workers: 10
Heap:
 PSYoungGen      total 2560K, used 2407K [0x00000000d5580000, 0x00000000d6000000, 0x0000000100000000)
  eden space 1024K, 85% used [0x00000000d5580000,0x00000000d5659f78,0x00000000d5680000)
  from space 1536K, 100% used [0x00000000d5a80000,0x00000000d5c00000,0x00000000d5c00000)
  to   space 4096K, 0% used [0x00000000d5680000,0x00000000d5680000,0x00000000d5a80000)
 ParOldGen       total 278016K, used 277700K [0x0000000080000000, 0x0000000090f80000, 0x00000000d5580000)
  object space 278016K, 99% used [0x0000000080000000,0x0000000090f312a0,0x0000000090f80000)
 Metaspace       used 72759K, committed 74368K, reserved 1179648K
  class space    used 7604K, committed 8320K, reserved 1048576K
GC Heap History (20 events):
Event: 1037.651 GC heap before
{Heap before GC invocations=424 (full 3):
 PSYoungGen      total 2048K, used 1920K [0x00000000d5580000, 0x00000000d5880000, 0x0000000100000000)
  eden space 1536K, 100% used [0x00000000d5580000,0x00000000d5700000,0x00000000d5700000)
  from space 512K, 75% used [0x00000000d5800000,0x00000000d5860000,0x00000000d5880000)
  to   space 512K, 0% used [0x00000000d5780000,0x00000000d5780000,0x00000000d5800000)
 ParOldGen       total 265216K, used 264807K [0x0000000080000000, 0x0000000090300000, 0x00000000d5580000)
  object space 265216K, 99% used [0x0000000080000000,0x0000000090299cf0,0x0000000090300000)
 Metaspace       used 72743K, committed 74368K, reserved 1179648K
  class space    used 7603K, committed 8320K, reserved 1048576K
}
Event: 1037.653 GC heap after
{Heap after GC invocations=424 (full 3):
 PSYoungGen      total 2048K, used 352K [0x00000000d5580000, 0x00000000d5880000, 0x0000000100000000)
  eden space 1536K, 0% used [0x00000000d5580000,0x00000000d5580000,0x00000000d5700000)
  from space 512K, 68% used [0x00000000d5780000,0x00000000d57d8000,0x00000000d5800000)
  to   space 512K, 0% used [0x00000000d5800000,0x00000000d5800000,0x00000000d5880000)
 ParOldGen       total 265216K, used 265015K [0x0000000080000000, 0x0000000090300000, 0x00000000d5580000)
  object space 265216K, 99% used [0x0000000080000000,0x00000000902cdcf0,0x0000000090300000)
 Metaspace       used 72743K, committed 74368K, reserved 1179648K
  class space    used 7603K, committed 8320K, reserved 1048576K
}
Event: 1037.941 GC heap before
{Heap before GC invocations=425 (full 3):
 PSYoungGen      total 2048K, used 1887K [0x00000000d5580000, 0x00000000d5880000, 0x0000000100000000)
  eden space 1536K, 99% used [0x00000000d5580000,0x00000000d56ffff0,0x00000000d5700000)
  from space 512K, 68% used [0x00000000d5780000,0x00000000d57d8000,0x00000000d5800000)
  to   space 512K, 0% used [0x00000000d5800000,0x00000000d5800000,0x00000000d5880000)
 ParOldGen       total 267264K, used 266919K [0x0000000080000000, 0x0000000090500000, 0x00000000d5580000)
  object space 267264K, 99% used [0x0000000080000000,0x00000000904a9cf0,0x0000000090500000)
 Metaspace       used 72757K, committed 74368K, reserved 1179648K
  class space    used 7603K, committed 8320K, reserved 1048576K
}
Event: 1037.948 GC heap after
{Heap after GC invocations=425 (full 3):
 PSYoungGen      total 1536K, used 512K [0x00000000d5580000, 0x00000000d5a00000, 0x0000000100000000)
  eden space 1024K, 0% used [0x00000000d5580000,0x00000000d5580000,0x00000000d5680000)
  from space 512K, 100% used [0x00000000d5800000,0x00000000d5880000,0x00000000d5880000)
  to   space 1536K, 0% used [0x00000000d5680000,0x00000000d5680000,0x00000000d5800000)
 ParOldGen       total 267776K, used 267663K [0x0000000080000000, 0x0000000090580000, 0x00000000d5580000)
  object space 267776K, 99% used [0x0000000080000000,0x0000000090563cf0,0x0000000090580000)
 Metaspace       used 72757K, committed 74368K, reserved 1179648K
  class space    used 7603K, committed 8320K, reserved 1048576K
}
Event: 1038.176 GC heap before
{Heap before GC invocations=426 (full 3):
 PSYoungGen      total 1536K, used 1536K [0x00000000d5580000, 0x00000000d5a00000, 0x0000000100000000)
  eden space 1024K, 100% used [0x00000000d5580000,0x00000000d5680000,0x00000000d5680000)
  from space 512K, 100% used [0x00000000d5800000,0x00000000d5880000,0x00000000d5880000)
  to   space 1536K, 0% used [0x00000000d5680000,0x00000000d5680000,0x00000000d5800000)
 ParOldGen       total 267776K, used 267663K [0x0000000080000000, 0x0000000090580000, 0x00000000d5580000)
  object space 267776K, 99% used [0x0000000080000000,0x0000000090563cf0,0x0000000090580000)
 Metaspace       used 72757K, committed 74368K, reserved 1179648K
  class space    used 7603K, committed 8320K, reserved 1048576K
}
Event: 1038.180 GC heap after
{Heap after GC invocations=426 (full 3):
 PSYoungGen      total 2560K, used 1197K [0x00000000d5580000, 0x00000000d5980000, 0x0000000100000000)
  eden space 1024K, 0% used [0x00000000d5580000,0x00000000d5580000,0x00000000d5680000)
  from space 1536K, 77% used [0x00000000d5680000,0x00000000d57ab5b0,0x00000000d5800000)
  to   space 1536K, 0% used [0x00000000d5800000,0x00000000d5800000,0x00000000d5980000)
 ParOldGen       total 268288K, used 268215K [0x0000000080000000, 0x0000000090600000, 0x00000000d5580000)
  object space 268288K, 99% used [0x0000000080000000,0x00000000905edcf0,0x0000000090600000)
 Metaspace       used 72757K, committed 74368K, reserved 1179648K
  class space    used 7603K, committed 8320K, reserved 1048576K
}
Event: 1038.186 GC heap before
{Heap before GC invocations=427 (full 3):
 PSYoungGen      total 2560K, used 2221K [0x00000000d5580000, 0x00000000d5980000, 0x0000000100000000)
  eden space 1024K, 99% used [0x00000000d5580000,0x00000000d567ffc0,0x00000000d5680000)
  from space 1536K, 77% used [0x00000000d5680000,0x00000000d57ab5b0,0x00000000d5800000)
  to   space 1536K, 0% used [0x00000000d5800000,0x00000000d5800000,0x00000000d5980000)
 ParOldGen       total 268288K, used 268215K [0x0000000080000000, 0x0000000090600000, 0x00000000d5580000)
  object space 268288K, 99% used [0x0000000080000000,0x00000000905edcf0,0x0000000090600000)
 Metaspace       used 72757K, committed 74368K, reserved 1179648K
  class space    used 7603K, committed 8320K, reserved 1048576K
}
Event: 1038.190 GC heap after
{Heap after GC invocations=427 (full 3):
 PSYoungGen      total 2560K, used 1184K [0x00000000d5580000, 0x00000000d5980000, 0x0000000100000000)
  eden space 1024K, 0% used [0x00000000d5580000,0x00000000d5580000,0x00000000d5680000)
  from space 1536K, 77% used [0x00000000d5800000,0x00000000d5928000,0x00000000d5980000)
  to   space 1536K, 0% used [0x00000000d5680000,0x00000000d5680000,0x00000000d5800000)
 ParOldGen       total 269312K, used 269260K [0x0000000080000000, 0x0000000090700000, 0x00000000d5580000)
  object space 269312K, 99% used [0x0000000080000000,0x00000000906f32a0,0x0000000090700000)
 Metaspace       used 72757K, committed 74368K, reserved 1179648K
  class space    used 7603K, committed 8320K, reserved 1048576K
}
Event: 1038.196 GC heap before
{Heap before GC invocations=428 (full 3):
 PSYoungGen      total 2560K, used 2208K [0x00000000d5580000, 0x00000000d5980000, 0x0000000100000000)
  eden space 1024K, 100% used [0x00000000d5580000,0x00000000d5680000,0x00000000d5680000)
  from space 1536K, 77% used [0x00000000d5800000,0x00000000d5928000,0x00000000d5980000)
  to   space 1536K, 0% used [0x00000000d5680000,0x00000000d5680000,0x00000000d5800000)
 ParOldGen       total 269312K, used 269260K [0x0000000080000000, 0x0000000090700000, 0x00000000d5580000)
  object space 269312K, 99% used [0x0000000080000000,0x00000000906f32a0,0x0000000090700000)
 Metaspace       used 72757K, committed 74368K, reserved 1179648K
  class space    used 7603K, committed 8320K, reserved 1048576K
}
Event: 1038.200 GC heap after
{Heap after GC invocations=428 (full 3):
 PSYoungGen      total 2560K, used 1152K [0x00000000d5580000, 0x00000000d5a00000, 0x0000000100000000)
  eden space 1024K, 0% used [0x00000000d5580000,0x00000000d5580000,0x00000000d5680000)
  from space 1536K, 75% used [0x00000000d5680000,0x00000000d57a0000,0x00000000d5800000)
  to   space 1536K, 0% used [0x00000000d5880000,0x00000000d5880000,0x00000000d5a00000)
 ParOldGen       total 270336K, used 270292K [0x0000000080000000, 0x0000000090800000, 0x00000000d5580000)
  object space 270336K, 99% used [0x0000000080000000,0x00000000907f52a0,0x0000000090800000)
 Metaspace       used 72757K, committed 74368K, reserved 1179648K
  class space    used 7603K, committed 8320K, reserved 1048576K
}
Event: 1038.207 GC heap before
{Heap before GC invocations=429 (full 3):
 PSYoungGen      total 2560K, used 2176K [0x00000000d5580000, 0x00000000d5a00000, 0x0000000100000000)
  eden space 1024K, 100% used [0x00000000d5580000,0x00000000d5680000,0x00000000d5680000)
  from space 1536K, 75% used [0x00000000d5680000,0x00000000d57a0000,0x00000000d5800000)
  to   space 1536K, 0% used [0x00000000d5880000,0x00000000d5880000,0x00000000d5a00000)
 ParOldGen       total 270336K, used 270292K [0x0000000080000000, 0x0000000090800000, 0x00000000d5580000)
  object space 270336K, 99% used [0x0000000080000000,0x00000000907f52a0,0x0000000090800000)
 Metaspace       used 72757K, committed 74368K, reserved 1179648K
  class space    used 7603K, committed 8320K, reserved 1048576K
}
Event: 1038.211 GC heap after
{Heap after GC invocations=429 (full 3):
 PSYoungGen      total 3072K, used 1152K [0x00000000d5580000, 0x00000000d5a00000, 0x0000000100000000)
  eden space 1536K, 0% used [0x00000000d5580000,0x00000000d5580000,0x00000000d5700000)
  from space 1536K, 75% used [0x00000000d5880000,0x00000000d59a0000,0x00000000d5a00000)
  to   space 1536K, 0% used [0x00000000d5700000,0x00000000d5700000,0x00000000d5880000)
 ParOldGen       total 271360K, used 271324K [0x0000000080000000, 0x0000000090900000, 0x00000000d5580000)
  object space 271360K, 99% used [0x0000000080000000,0x00000000908f72a0,0x0000000090900000)
 Metaspace       used 72757K, committed 74368K, reserved 1179648K
  class space    used 7603K, committed 8320K, reserved 1048576K
}
Event: 1038.221 GC heap before
{Heap before GC invocations=430 (full 3):
 PSYoungGen      total 3072K, used 2688K [0x00000000d5580000, 0x00000000d5a00000, 0x0000000100000000)
  eden space 1536K, 100% used [0x00000000d5580000,0x00000000d5700000,0x00000000d5700000)
  from space 1536K, 75% used [0x00000000d5880000,0x00000000d59a0000,0x00000000d5a00000)
  to   space 1536K, 0% used [0x00000000d5700000,0x00000000d5700000,0x00000000d5880000)
 ParOldGen       total 271360K, used 271324K [0x0000000080000000, 0x0000000090900000, 0x00000000d5580000)
  object space 271360K, 99% used [0x0000000080000000,0x00000000908f72a0,0x0000000090900000)
 Metaspace       used 72757K, committed 74368K, reserved 1179648K
  class space    used 7603K, committed 8320K, reserved 1048576K
}
Event: 1038.226 GC heap after
{Heap after GC invocations=430 (full 3):
 PSYoungGen      total 3072K, used 1536K [0x00000000d5580000, 0x00000000d5d80000, 0x0000000100000000)
  eden space 1536K, 0% used [0x00000000d5580000,0x00000000d5580000,0x00000000d5700000)
  from space 1536K, 100% used [0x00000000d5700000,0x00000000d5880000,0x00000000d5880000)
  to   space 3072K, 0% used [0x00000000d5a80000,0x00000000d5a80000,0x00000000d5d80000)
 ParOldGen       total 272384K, used 272372K [0x0000000080000000, 0x0000000090a00000, 0x00000000d5580000)
  object space 272384K, 99% used [0x0000000080000000,0x00000000909fd2a0,0x0000000090a00000)
 Metaspace       used 72757K, committed 74368K, reserved 1179648K
  class space    used 7603K, committed 8320K, reserved 1048576K
}
Event: 1038.248 GC heap before
{Heap before GC invocations=431 (full 3):
 PSYoungGen      total 3072K, used 3072K [0x00000000d5580000, 0x00000000d5d80000, 0x0000000100000000)
  eden space 1536K, 100% used [0x00000000d5580000,0x00000000d5700000,0x00000000d5700000)
  from space 1536K, 100% used [0x00000000d5700000,0x00000000d5880000,0x00000000d5880000)
  to   space 3072K, 0% used [0x00000000d5a80000,0x00000000d5a80000,0x00000000d5d80000)
 ParOldGen       total 272384K, used 272372K [0x0000000080000000, 0x0000000090a00000, 0x00000000d5580000)
  object space 272384K, 99% used [0x0000000080000000,0x00000000909fd2a0,0x0000000090a00000)
 Metaspace       used 72757K, committed 74368K, reserved 1179648K
  class space    used 7603K, committed 8320K, reserved 1048576K
}
Event: 1038.255 GC heap after
{Heap after GC invocations=431 (full 3):
 PSYoungGen      total 4096K, used 1696K [0x00000000d5580000, 0x00000000d5c80000, 0x0000000100000000)
  eden space 2048K, 0% used [0x00000000d5580000,0x00000000d5580000,0x00000000d5780000)
  from space 2048K, 82% used [0x00000000d5a80000,0x00000000d5c28000,0x00000000d5c80000)
  to   space 2048K, 0% used [0x00000000d5880000,0x00000000d5880000,0x00000000d5a80000)
 ParOldGen       total 273920K, used 273908K [0x0000000080000000, 0x0000000090b80000, 0x00000000d5580000)
  object space 273920K, 99% used [0x0000000080000000,0x0000000090b7d2a0,0x0000000090b80000)
 Metaspace       used 72757K, committed 74368K, reserved 1179648K
  class space    used 7603K, committed 8320K, reserved 1048576K
}
Event: 1038.314 GC heap before
{Heap before GC invocations=432 (full 3):
 PSYoungGen      total 4096K, used 3717K [0x00000000d5580000, 0x00000000d5c80000, 0x0000000100000000)
  eden space 2048K, 98% used [0x00000000d5580000,0x00000000d57797a0,0x00000000d5780000)
  from space 2048K, 82% used [0x00000000d5a80000,0x00000000d5c28000,0x00000000d5c80000)
  to   space 2048K, 0% used [0x00000000d5880000,0x00000000d5880000,0x00000000d5a80000)
 ParOldGen       total 273920K, used 273908K [0x0000000080000000, 0x0000000090b80000, 0x00000000d5580000)
  object space 273920K, 99% used [0x0000000080000000,0x0000000090b7d2a0,0x0000000090b80000)
 Metaspace       used 72757K, committed 74368K, reserved 1179648K
  class space    used 7603K, committed 8320K, reserved 1048576K
}
Event: 1038.319 GC heap after
{Heap after GC invocations=432 (full 3):
 PSYoungGen      total 4608K, used 1936K [0x00000000d5580000, 0x00000000d5c00000, 0x0000000100000000)
  eden space 2560K, 0% used [0x00000000d5580000,0x00000000d5580000,0x00000000d5800000)
  from space 2048K, 94% used [0x00000000d5880000,0x00000000d5a64000,0x00000000d5a80000)
  to   space 1536K, 0% used [0x00000000d5a80000,0x00000000d5a80000,0x00000000d5c00000)
 ParOldGen       total 275968K, used 275468K [0x0000000080000000, 0x0000000090d80000, 0x00000000d5580000)
  object space 275968K, 99% used [0x0000000080000000,0x0000000090d032a0,0x0000000090d80000)
 Metaspace       used 72757K, committed 74368K, reserved 1179648K
  class space    used 7603K, committed 8320K, reserved 1048576K
}
Event: 1038.451 GC heap before
{Heap before GC invocations=433 (full 3):
 PSYoungGen      total 4608K, used 4367K [0x00000000d5580000, 0x00000000d5c00000, 0x0000000100000000)
  eden space 2560K, 94% used [0x00000000d5580000,0x00000000d57dfd18,0x00000000d5800000)
  from space 2048K, 94% used [0x00000000d5880000,0x00000000d5a64000,0x00000000d5a80000)
  to   space 1536K, 0% used [0x00000000d5a80000,0x00000000d5a80000,0x00000000d5c00000)
 ParOldGen       total 275968K, used 275468K [0x0000000080000000, 0x0000000090d80000, 0x00000000d5580000)
  object space 275968K, 99% used [0x0000000080000000,0x0000000090d032a0,0x0000000090d80000)
 Metaspace       used 72757K, committed 74368K, reserved 1179648K
  class space    used 7603K, committed 8320K, reserved 1048576K
}
Event: 1038.459 GC heap after
{Heap after GC invocations=433 (full 3):
 PSYoungGen      total 2560K, used 1536K [0x00000000d5580000, 0x00000000d6000000, 0x0000000100000000)
  eden space 1024K, 0% used [0x00000000d5580000,0x00000000d5580000,0x00000000d5680000)
  from space 1536K, 100% used [0x00000000d5a80000,0x00000000d5c00000,0x00000000d5c00000)
  to   space 4096K, 0% used [0x00000000d5680000,0x00000000d5680000,0x00000000d5a80000)
 ParOldGen       total 278016K, used 277700K [0x0000000080000000, 0x0000000090f80000, 0x00000000d5580000)
  object space 278016K, 99% used [0x0000000080000000,0x0000000090f312a0,0x0000000090f80000)
 Metaspace       used 72757K, committed 74368K, reserved 1179648K
  class space    used 7603K, committed 8320K, reserved 1048576K
}

